<?xml version="1.0" encoding="UTF-8"?>
<testng-results ignored="0" total="1" passed="1" failed="0" skipped="0">
  <reporter-output>
  </reporter-output>
  <suite started-at="2025-11-24T13:22:13 IST" name="Default suite" finished-at="2025-11-24T13:22:41 IST" duration-ms="28189">
    <groups>
    </groups>
    <test started-at="2025-11-24T13:22:13 IST" name="Default test" finished-at="2025-11-24T13:22:41 IST" duration-ms="28189">
      <class name="test.action">
        <test-method signature="main()[pri:0, instance:test.action@2df3b89c]" started-at="2025-11-24T13:22:13 IST" name="main" finished-at="2025-11-24T13:22:41 IST" duration-ms="28131" status="PASS">
          <reporter-output>
          </reporter-output>
        </test-method> <!-- main -->
      </class> <!-- test.action -->
    </test> <!-- Default test -->
  </suite> <!-- Default suite -->
</testng-results>
